<?xml version="1.0" encoding="UTF-8"?>
<!-- Generated by org.testng.reporters.JUnitXMLReporter -->
<testsuite ignored="0" hostname="DESKTOP-1FVVE27" failures="0" tests="2" name="Errorvalidation" time="12.941" errors="0" timestamp="2025-01-16T13:55:15 CST">
  <testcase classname="FrameworkPractice.Tests.ErrorValidation" name="ProductErrorvalidation" time="3.025"/>
  <testcase classname="FrameworkPractice.Tests.ErrorValidation" name="loginErrorvalidation" time="1.005"/>
</testsuite> <!-- Errorvalidation -->
