<?xml version="1.0" encoding="UTF-8"?>
<!-- Generated by org.testng.reporters.JUnitXMLReporter -->
<testsuite ignored="0" hostname="DESKTOP-1FVVE27" failures="0" tests="3" name="StandAloneTest2" time="24.021" errors="0" timestamp="2025-01-16T13:55:26 CST">
  <testcase classname="FrameworkPractice.Tests.StandAloneTest2" name="StandAloneTest2" time="4.391"/>
  <testcase classname="FrameworkPractice.Tests.StandAloneTest2" name="StandAloneTest2" time="4.273"/>
  <testcase classname="FrameworkPractice.Tests.StandAloneTest2" name="orderhistory" time="0.932"/>
</testsuite> <!-- StandAloneTest2 -->
